execve("./test", ["./test"], 0x7ffea6d09e20 /* 50 vars */) = 0
brk(NULL)                               = 0x58cd6d5aa000
arch_prctl(0x3001 /* ARCH_??? */, 0x7ffeded89750) = -1 EINVAL (Invalid argument)
mmap(NULL, 8192, PROT_READ|PROT_WRITE, MAP_PRIVATE|MAP_ANONYMOUS, -1, 0) = 0x7267dee1f000
access("/etc/ld.so.preload", R_OK)      = -1 ENOENT (No such file or directory)
openat(AT_FDCWD, "/etc/ld.so.cache", O_RDONLY|O_CLOEXEC) = 3
newfstatat(3, "", {st_mode=S_IFREG|0644, st_size=132468, ...}, AT_EMPTY_PATH) = 0
mmap(NULL, 132468, PROT_READ, MAP_PRIVATE, 3, 0) = 0x7267dedfe000
close(3)                                = 0
openat(AT_FDCWD, "/lib/x86_64-linux-gnu/libc.so.6", O_RDONLY|O_CLOEXEC) = 3
read(3, "\177ELF\2\1\1\3\0\0\0\0\0\0\0\0\3\0>\0\1\0\0\0P\237\2\0\0\0\0\0"..., 832) = 832
pread64(3, "\6\0\0\0\4\0\0\0@\0\0\0\0\0\0\0@\0\0\0\0\0\0\0@\0\0\0\0\0\0\0"..., 784, 64) = 784
pread64(3, "\4\0\0\0 \0\0\0\5\0\0\0GNU\0\2\0\0\300\4\0\0\0\3\0\0\0\0\0\0\0"..., 48, 848) = 48
pread64(3, "\4\0\0\0\24\0\0\0\3\0\0\0GNU\0O{\f\225\\=\201\327\312\301P\32$\230\266\235"..., 68, 896) = 68
newfstatat(3, "", {st_mode=S_IFREG|0755, st_size=2220400, ...}, AT_EMPTY_PATH) = 0
pread64(3, "\6\0\0\0\4\0\0\0@\0\0\0\0\0\0\0@\0\0\0\0\0\0\0@\0\0\0\0\0\0\0"..., 784, 64) = 784
mmap(NULL, 2264656, PROT_READ, MAP_PRIVATE|MAP_DENYWRITE, 3, 0) = 0x7267dea00000
mprotect(0x7267dea28000, 2023424, PROT_NONE) = 0
mmap(0x7267dea28000, 1658880, PROT_READ|PROT_EXEC, MAP_PRIVATE|MAP_FIXED|MAP_DENYWRITE, 3, 0x28000) = 0x7267dea28000
mmap(0x7267debbd000, 360448, PROT_READ, MAP_PRIVATE|MAP_FIXED|MAP_DENYWRITE, 3, 0x1bd000) = 0x7267debbd000
mmap(0x7267dec16000, 24576, PROT_READ|PROT_WRITE, MAP_PRIVATE|MAP_FIXED|MAP_DENYWRITE, 3, 0x215000) = 0x7267dec16000
mmap(0x7267dec1c000, 52816, PROT_READ|PROT_WRITE, MAP_PRIVATE|MAP_FIXED|MAP_ANONYMOUS, -1, 0) = 0x7267dec1c000
close(3)                                = 0
mmap(NULL, 12288, PROT_READ|PROT_WRITE, MAP_PRIVATE|MAP_ANONYMOUS, -1, 0) = 0x7267dedfb000
arch_prctl(ARCH_SET_FS, 0x7267dedfb740) = 0
set_tid_address(0x7267dedfba10)         = 962365
set_robust_list(0x7267dedfba20, 24)     = 0
rseq(0x7267dedfc0e0, 0x20, 0, 0x53053053) = 0
mprotect(0x7267dec16000, 16384, PROT_READ) = 0
mprotect(0x58cd3b199000, 4096, PROT_READ) = 0
mprotect(0x7267dee59000, 8192, PROT_READ) = 0
prlimit64(0, RLIMIT_STACK, NULL, {rlim_cur=8192*1024, rlim_max=RLIM64_INFINITY}) = 0
munmap(0x7267dedfe000, 132468)          = 0
write(2, "hello: strr address: 0x58cd3b19a"..., 36) = 36
write(2, "hello: str_len value: 6\n", 24) = 24
write(1, 0x1, 1)                        = -1 EFAULT (Bad address)
write(2, "hello: write failed: Bad address"..., 33) = 33
write(1, "0", 1)                        = 1
write(2, "print0: wrote 1 bytes\n", 22) = 22
write(1, "1", 1)                        = 1
write(2, "print1: wrote 1 bytes\n", 22) = 22
write(1, "\n", 1)                       = 1
write(2, "printNL: wrote 1 bytes\n", 23) = 23
write(1, "A", 1)                        = 1
write(2, "printChar: wrote 1 bytes\n", 25) = 25
exit_group(0)                           = ?
+++ exited with 0 +++
